# JRE version: Java(TM) SE Runtime Environment (8.0_31-b13) (build 1.8.0_31-b13)
# Java VM: Java HotSpot(TM) 64-Bit Server VM (25.31-b07 mixed mode windows-amd64 compressed oops)
Heap:
 PSYoungGen      total 333312K, used 144877K [0x00000000e2e00000, 0x00000000f9500000, 0x0000000100000000)
  eden space 321024K, 45% used [0x00000000e2e00000,0x00000000ebb7b748,0x00000000f6780000)
  from space 12288K, 0% used [0x00000000f7180000,0x00000000f7180000,0x00000000f7d80000)
  to   space 23040K, 0% used [0x00000000f7e80000,0x00000000f7e80000,0x00000000f9500000)
 ParOldGen       total 108032K, used 44207K [0x00000000a8a00000, 0x00000000af380000, 0x00000000e2e00000)
  object space 108032K, 40% used [0x00000000a8a00000,0x00000000ab52bc48,0x00000000af380000)
 Metaspace       used 67057K, capacity 68170K, committed 68264K, reserved 1107968K
  class space    used 8566K, capacity 8806K, committed 8872K, reserved 1048576K
GC Heap History (10 events):
Event: 98.126 GC heap before
{Heap before GC invocations=17 (full 2):
 PSYoungGen      total 272384K, used 236866K [0x00000000e2e00000, 0x00000000f5080000, 0x0000000100000000)
  eden space 254464K, 86% used [0x00000000e2e00000,0x00000000f03d46b8,0x00000000f2680000)
  from space 17920K, 99% used [0x00000000f3c80000,0x00000000f4dfc490,0x00000000f4e00000)
  to   space 21504K, 0% used [0x00000000f2680000,0x00000000f2680000,0x00000000f3b80000)
 ParOldGen       total 72704K, used 25169K [0x00000000a8a00000, 0x00000000ad100000, 0x00000000e2e00000)
  object space 72704K, 34% used [0x00000000a8a00000,0x00000000aa294400,0x00000000ad100000)
 Metaspace       used 58289K, capacity 59016K, committed 59160K, reserved 1101824K
  class space    used 7434K, capacity 7587K, committed 7592K, reserved 1048576K
Event: 98.233 GC heap after
Heap after GC invocations=17 (full 2):
 PSYoungGen      total 275968K, used 21478K [0x00000000e2e00000, 0x00000000fad00000, 0x0000000100000000)
  eden space 254464K, 0% used [0x00000000e2e00000,0x00000000e2e00000,0x00000000f2680000)
  from space 21504K, 99% used [0x00000000f2680000,0x00000000f3b799e8,0x00000000f3b80000)
  to   space 25088K, 0% used [0x00000000f9480000,0x00000000f9480000,0x00000000fad00000)
 ParOldGen       total 72704K, used 26744K [0x00000000a8a00000, 0x00000000ad100000, 0x00000000e2e00000)
  object space 72704K, 36% used [0x00000000a8a00000,0x00000000aa41e128,0x00000000ad100000)
 Metaspace       used 58289K, capacity 59016K, committed 59160K, reserved 1101824K
  class space    used 7434K, capacity 7587K, committed 7592K, reserved 1048576K
}
Event: 98.233 GC heap before
{Heap before GC invocations=18 (full 3):
 PSYoungGen      total 275968K, used 21478K [0x00000000e2e00000, 0x00000000fad00000, 0x0000000100000000)
  eden space 254464K, 0% used [0x00000000e2e00000,0x00000000e2e00000,0x00000000f2680000)
  from space 21504K, 99% used [0x00000000f2680000,0x00000000f3b799e8,0x00000000f3b80000)
  to   space 25088K, 0% used [0x00000000f9480000,0x00000000f9480000,0x00000000fad00000)
 ParOldGen       total 72704K, used 26744K [0x00000000a8a00000, 0x00000000ad100000, 0x00000000e2e00000)
  object space 72704K, 36% used [0x00000000a8a00000,0x00000000aa41e128,0x00000000ad100000)
 Metaspace       used 58289K, capacity 59016K, committed 59160K, reserved 1101824K
  class space    used 7434K, capacity 7587K, committed 7592K, reserved 1048576K
Event: 99.811 GC heap after
Heap after GC invocations=18 (full 3):
 PSYoungGen      total 275968K, used 0K [0x00000000e2e00000, 0x00000000fad00000, 0x0000000100000000)
  eden space 254464K, 0% used [0x00000000e2e00000,0x00000000e2e00000,0x00000000f2680000)
  from space 21504K, 0% used [0x00000000f2680000,0x00000000f2680000,0x00000000f3b80000)
  to   space 25088K, 0% used [0x00000000f9480000,0x00000000f9480000,0x00000000fad00000)
 ParOldGen       total 108032K, used 44245K [0x00000000a8a00000, 0x00000000af380000, 0x00000000e2e00000)
  object space 108032K, 40% used [0x00000000a8a00000,0x00000000ab535720,0x00000000af380000)
 Metaspace       used 58240K, capacity 58938K, committed 59160K, reserved 1101824K
  class space    used 7426K, capacity 7574K, committed 7592K, reserved 1048576K
}
Event: 130.177 GC heap before
{Heap before GC invocations=19 (full 3):
 PSYoungGen      total 275968K, used 254464K [0x00000000e2e00000, 0x00000000fad00000, 0x0000000100000000)
  eden space 254464K, 100% used [0x00000000e2e00000,0x00000000f2680000,0x00000000f2680000)
  from space 21504K, 0% used [0x00000000f2680000,0x00000000f2680000,0x00000000f3b80000)
  to   space 25088K, 0% used [0x00000000f9480000,0x00000000f9480000,0x00000000fad00000)
 ParOldGen       total 108032K, used 44245K [0x00000000a8a00000, 0x00000000af380000, 0x00000000e2e00000)
  object space 108032K, 40% used [0x00000000a8a00000,0x00000000ab535720,0x00000000af380000)
 Metaspace       used 63508K, capacity 64250K, committed 64424K, reserved 1105920K
  class space    used 8138K, capacity 8276K, committed 8360K, reserved 1048576K
Event: 130.231 GC heap after
Heap after GC invocations=19 (full 3):
 PSYoungGen      total 333312K, used 11801K [0x00000000e2e00000, 0x00000000fa080000, 0x0000000100000000)
  eden space 321024K, 0% used [0x00000000e2e00000,0x00000000e2e00000,0x00000000f6780000)
  from space 12288K, 96% used [0x00000000f9480000,0x00000000fa006778,0x00000000fa080000)
  to   space 24064K, 0% used [0x00000000f7180000,0x00000000f7180000,0x00000000f8900000)
 ParOldGen       total 108032K, used 44253K [0x00000000a8a00000, 0x00000000af380000, 0x00000000e2e00000)
  object space 108032K, 40% used [0x00000000a8a00000,0x00000000ab537720,0x00000000af380000)
 Metaspace       used 63508K, capacity 64250K, committed 64424K, reserved 1105920K
  class space    used 8138K, capacity 8276K, committed 8360K, reserved 1048576K
}
Event: 213.701 GC heap before
{Heap before GC invocations=20 (full 3):
 PSYoungGen      total 333312K, used 128088K [0x00000000e2e00000, 0x00000000fa080000, 0x0000000100000000)
  eden space 321024K, 36% used [0x00000000e2e00000,0x00000000e9f8fc48,0x00000000f6780000)
  from space 12288K, 96% used [0x00000000f9480000,0x00000000fa006778,0x00000000fa080000)
  to   space 24064K, 0% used [0x00000000f7180000,0x00000000f7180000,0x00000000f8900000)
 ParOldGen       total 108032K, used 44253K [0x00000000a8a00000, 0x00000000af380000, 0x00000000e2e00000)
  object space 108032K, 40% used [0x00000000a8a00000,0x00000000ab537720,0x00000000af380000)
 Metaspace       used 66852K, capacity 67852K, committed 68008K, reserved 1107968K
  class space    used 8538K, capacity 8765K, committed 8872K, reserved 1048576K
Event: 213.779 GC heap after
Heap after GC invocations=20 (full 3):
 PSYoungGen      total 333312K, used 11780K [0x00000000e2e00000, 0x00000000f9500000, 0x0000000100000000)
  eden space 321024K, 0% used [0x00000000e2e00000,0x00000000e2e00000,0x00000000f6780000)
  from space 12288K, 95% used [0x00000000f7180000,0x00000000f7d01020,0x00000000f7d80000)
  to   space 23040K, 0% used [0x00000000f7e80000,0x00000000f7e80000,0x00000000f9500000)
 ParOldGen       total 108032K, used 44261K [0x00000000a8a00000, 0x00000000af380000, 0x00000000e2e00000)
  object space 108032K, 40% used [0x00000000a8a00000,0x00000000ab539720,0x00000000af380000)
 Metaspace       used 66852K, capacity 67852K, committed 68008K, reserved 1107968K
  class space    used 8538K, capacity 8765K, committed 8872K, reserved 1048576K
}
Event: 213.779 GC heap before
{Heap before GC invocations=21 (full 4):
 PSYoungGen      total 333312K, used 11780K [0x00000000e2e00000, 0x00000000f9500000, 0x0000000100000000)
  eden space 321024K, 0% used [0x00000000e2e00000,0x00000000e2e00000,0x00000000f6780000)
  from space 12288K, 95% used [0x00000000f7180000,0x00000000f7d01020,0x00000000f7d80000)
  to   space 23040K, 0% used [0x00000000f7e80000,0x00000000f7e80000,0x00000000f9500000)
 ParOldGen       total 108032K, used 44261K [0x00000000a8a00000, 0x00000000af380000, 0x00000000e2e00000)
  object space 108032K, 40% used [0x00000000a8a00000,0x00000000ab539720,0x00000000af380000)
 Metaspace       used 66852K, capacity 67852K, committed 68008K, reserved 1107968K
  class space    used 8538K, capacity 8765K, committed 8872K, reserved 1048576K
Event: 215.183 GC heap after
Heap after GC invocations=21 (full 4):
 PSYoungGen      total 333312K, used 0K [0x00000000e2e00000, 0x00000000f9500000, 0x0000000100000000)
  eden space 321024K, 0% used [0x00000000e2e00000,0x00000000e2e00000,0x00000000f6780000)
  from space 12288K, 0% used [0x00000000f7180000,0x00000000f7180000,0x00000000f7d80000)
  to   space 23040K, 0% used [0x00000000f7e80000,0x00000000f7e80000,0x00000000f9500000)
 ParOldGen       total 108032K, used 44207K [0x00000000a8a00000, 0x00000000af380000, 0x00000000e2e00000)
  object space 108032K, 40% used [0x00000000a8a00000,0x00000000ab52bc48,0x00000000af380000)
 Metaspace       used 66850K, capacity 67846K, committed 68008K, reserved 1107968K
  class space    used 8538K, capacity 8764K, committed 8872K, reserved 1048576K
}

