# JRE version: Java(TM) SE Runtime Environment (8.0_31-b13) (build 1.8.0_31-b13)
# Java VM: Java HotSpot(TM) 64-Bit Server VM (25.31-b07 mixed mode windows-amd64 compressed oops)
Heap:
 PSYoungGen      total 430080K, used 403874K [0x00000000e2e00000, 0x0000000100000000, 0x0000000100000000)
  eden space 407040K, 95% used [0x00000000e2e00000,0x00000000fa912768,0x00000000fbb80000)
  from space 23040K, 68% used [0x00000000fbb80000,0x00000000fcad60d0,0x00000000fd200000)
  to   space 23040K, 0% used [0x00000000fe980000,0x00000000fe980000,0x0000000100000000)
 ParOldGen       total 122880K, used 41531K [0x00000000a8a00000, 0x00000000b0200000, 0x00000000e2e00000)
  object space 122880K, 33% used [0x00000000a8a00000,0x00000000ab28eed0,0x00000000b0200000)
 Metaspace       used 78648K, capacity 80398K, committed 81192K, reserved 1120256K
  class space    used 9458K, capacity 9877K, committed 10024K, reserved 1048576K
GC Heap History (10 events):
Event: 859.869 GC heap before
{Heap before GC invocations=32 (full 6):
 PSYoungGen      total 449024K, used 437892K [0x00000000e2e00000, 0x0000000100000000, 0x0000000100000000)
  eden space 422912K, 100% used [0x00000000e2e00000,0x00000000fcb00000,0x00000000fcb00000)
  from space 26112K, 57% used [0x00000000fcb00000,0x00000000fd9a13d8,0x00000000fe480000)
  to   space 26112K, 0% used [0x00000000fe680000,0x00000000fe680000,0x0000000100000000)
 ParOldGen       total 122880K, used 48072K [0x00000000a8a00000, 0x00000000b0200000, 0x00000000e2e00000)
  object space 122880K, 39% used [0x00000000a8a00000,0x00000000ab8f21a0,0x00000000b0200000)
 Metaspace       used 76750K, capacity 78726K, committed 79016K, reserved 1118208K
  class space    used 9348K, capacity 9810K, committed 9896K, reserved 1048576K
Event: 859.923 GC heap after
Heap after GC invocations=32 (full 6):
 PSYoungGen      total 449024K, used 12604K [0x00000000e2e00000, 0x00000000ffe00000, 0x0000000100000000)
  eden space 424960K, 0% used [0x00000000e2e00000,0x00000000e2e00000,0x00000000fcd00000)
  from space 24064K, 52% used [0x00000000fe680000,0x00000000ff2cf2f0,0x00000000ffe00000)
  to   space 25088K, 0% used [0x00000000fcd00000,0x00000000fcd00000,0x00000000fe580000)
 ParOldGen       total 122880K, used 48080K [0x00000000a8a00000, 0x00000000b0200000, 0x00000000e2e00000)
  object space 122880K, 39% used [0x00000000a8a00000,0x00000000ab8f41a0,0x00000000b0200000)
 Metaspace       used 76750K, capacity 78726K, committed 79016K, reserved 1118208K
  class space    used 9348K, capacity 9810K, committed 9896K, reserved 1048576K
}
Event: 1786.269 GC heap before
{Heap before GC invocations=33 (full 6):
 PSYoungGen      total 449024K, used 437564K [0x00000000e2e00000, 0x00000000ffe00000, 0x0000000100000000)
  eden space 424960K, 100% used [0x00000000e2e00000,0x00000000fcd00000,0x00000000fcd00000)
  from space 24064K, 52% used [0x00000000fe680000,0x00000000ff2cf2f0,0x00000000ffe00000)
  to   space 25088K, 0% used [0x00000000fcd00000,0x00000000fcd00000,0x00000000fe580000)
 ParOldGen       total 122880K, used 48080K [0x00000000a8a00000, 0x00000000b0200000, 0x00000000e2e00000)
  object space 122880K, 39% used [0x00000000a8a00000,0x00000000ab8f41a0,0x00000000b0200000)
 Metaspace       used 76767K, capacity 78726K, committed 79016K, reserved 1118208K
  class space    used 9348K, capacity 9810K, committed 9896K, reserved 1048576K
Event: 1786.316 GC heap after
Heap after GC invocations=33 (full 6):
 PSYoungGen      total 419840K, used 12328K [0x00000000e2e00000, 0x00000000fe980000, 0x0000000100000000)
  eden space 407040K, 0% used [0x00000000e2e00000,0x00000000e2e00000,0x00000000fbb80000)
  from space 12800K, 96% used [0x00000000fcd00000,0x00000000fd90a2a8,0x00000000fd980000)
  to   space 16384K, 0% used [0x00000000fd980000,0x00000000fd980000,0x00000000fe980000)
 ParOldGen       total 122880K, used 48088K [0x00000000a8a00000, 0x00000000b0200000, 0x00000000e2e00000)
  object space 122880K, 39% used [0x00000000a8a00000,0x00000000ab8f61a0,0x00000000b0200000)
 Metaspace       used 76767K, capacity 78726K, committed 79016K, reserved 1118208K
  class space    used 9348K, capacity 9810K, committed 9896K, reserved 1048576K
}
Event: 2106.982 GC heap before
{Heap before GC invocations=34 (full 6):
 PSYoungGen      total 419840K, used 203495K [0x00000000e2e00000, 0x00000000fe980000, 0x0000000100000000)
  eden space 407040K, 46% used [0x00000000e2e00000,0x00000000ee8afa90,0x00000000fbb80000)
  from space 12800K, 96% used [0x00000000fcd00000,0x00000000fd90a2a8,0x00000000fd980000)
  to   space 16384K, 0% used [0x00000000fd980000,0x00000000fd980000,0x00000000fe980000)
 ParOldGen       total 122880K, used 48088K [0x00000000a8a00000, 0x00000000b0200000, 0x00000000e2e00000)
  object space 122880K, 39% used [0x00000000a8a00000,0x00000000ab8f61a0,0x00000000b0200000)
 Metaspace       used 77158K, capacity 79118K, committed 79272K, reserved 1118208K
  class space    used 9379K, capacity 9825K, committed 9896K, reserved 1048576K
Event: 2107.025 GC heap after
Heap after GC invocations=34 (full 6):
 PSYoungGen      total 422400K, used 10258K [0x00000000e2e00000, 0x00000000fe880000, 0x0000000100000000)
  eden space 407040K, 0% used [0x00000000e2e00000,0x00000000e2e00000,0x00000000fbb80000)
  from space 15360K, 66% used [0x00000000fd980000,0x00000000fe3848c0,0x00000000fe880000)
  to   space 23040K, 0% used [0x00000000fbb80000,0x00000000fbb80000,0x00000000fd200000)
 ParOldGen       total 122880K, used 48096K [0x00000000a8a00000, 0x00000000b0200000, 0x00000000e2e00000)
  object space 122880K, 39% used [0x00000000a8a00000,0x00000000ab8f81a0,0x00000000b0200000)
 Metaspace       used 77158K, capacity 79118K, committed 79272K, reserved 1118208K
  class space    used 9379K, capacity 9825K, committed 9896K, reserved 1048576K
}
Event: 2107.025 GC heap before
{Heap before GC invocations=35 (full 7):
 PSYoungGen      total 422400K, used 10258K [0x00000000e2e00000, 0x00000000fe880000, 0x0000000100000000)
  eden space 407040K, 0% used [0x00000000e2e00000,0x00000000e2e00000,0x00000000fbb80000)
  from space 15360K, 66% used [0x00000000fd980000,0x00000000fe3848c0,0x00000000fe880000)
  to   space 23040K, 0% used [0x00000000fbb80000,0x00000000fbb80000,0x00000000fd200000)
 ParOldGen       total 122880K, used 48096K [0x00000000a8a00000, 0x00000000b0200000, 0x00000000e2e00000)
  object space 122880K, 39% used [0x00000000a8a00000,0x00000000ab8f81a0,0x00000000b0200000)
 Metaspace       used 77158K, capacity 79118K, committed 79272K, reserved 1118208K
  class space    used 9379K, capacity 9825K, committed 9896K, reserved 1048576K
Event: 2108.278 GC heap after
Heap after GC invocations=35 (full 7):
 PSYoungGen      total 422400K, used 0K [0x00000000e2e00000, 0x00000000fe880000, 0x0000000100000000)
  eden space 407040K, 0% used [0x00000000e2e00000,0x00000000e2e00000,0x00000000fbb80000)
  from space 15360K, 0% used [0x00000000fd980000,0x00000000fd980000,0x00000000fe880000)
  to   space 23040K, 0% used [0x00000000fbb80000,0x00000000fbb80000,0x00000000fd200000)
 ParOldGen       total 122880K, used 41523K [0x00000000a8a00000, 0x00000000b0200000, 0x00000000e2e00000)
  object space 122880K, 33% used [0x00000000a8a00000,0x00000000ab28ced0,0x00000000b0200000)
 Metaspace       used 76537K, capacity 78032K, committed 79272K, reserved 1118208K
  class space    used 9278K, capacity 9644K, committed 9896K, reserved 1048576K
}
Event: 2123.194 GC heap before
{Heap before GC invocations=36 (full 7):
 PSYoungGen      total 422400K, used 407040K [0x00000000e2e00000, 0x00000000fe880000, 0x0000000100000000)
  eden space 407040K, 100% used [0x00000000e2e00000,0x00000000fbb80000,0x00000000fbb80000)
  from space 15360K, 0% used [0x00000000fd980000,0x00000000fd980000,0x00000000fe880000)
  to   space 23040K, 0% used [0x00000000fbb80000,0x00000000fbb80000,0x00000000fd200000)
 ParOldGen       total 122880K, used 41523K [0x00000000a8a00000, 0x00000000b0200000, 0x00000000e2e00000)
  object space 122880K, 33% used [0x00000000a8a00000,0x00000000ab28ced0,0x00000000b0200000)
 Metaspace       used 76957K, capacity 78648K, committed 79912K, reserved 1120256K
  class space    used 9341K, capacity 9740K, committed 10024K, reserved 1048576K
Event: 2123.290 GC heap after
Heap after GC invocations=36 (full 7):
 PSYoungGen      total 430080K, used 15704K [0x00000000e2e00000, 0x0000000100000000, 0x0000000100000000)
  eden space 407040K, 0% used [0x00000000e2e00000,0x00000000e2e00000,0x00000000fbb80000)
  from space 23040K, 68% used [0x00000000fbb80000,0x00000000fcad60d0,0x00000000fd200000)
  to   space 23040K, 0% used [0x00000000fe980000,0x00000000fe980000,0x0000000100000000)
 ParOldGen       total 122880K, used 41531K [0x00000000a8a00000, 0x00000000b0200000, 0x00000000e2e00000)
  object space 122880K, 33% used [0x00000000a8a00000,0x00000000ab28eed0,0x00000000b0200000)
 Metaspace       used 76957K, capacity 78648K, committed 79912K, reserved 1120256K
  class space    used 9341K, capacity 9740K, committed 10024K, reserved 1048576K
}

