# JRE version: Java(TM) SE Runtime Environment (8.0_31-b13) (build 1.8.0_31-b13)
# Java VM: Java HotSpot(TM) 64-Bit Server VM (25.31-b07 mixed mode windows-amd64 compressed oops)
Heap:
 PSYoungGen      total 379904K, used 253778K [0x00000000e2e00000, 0x00000000fbc80000, 0x0000000100000000)
  eden space 359936K, 66% used [0x00000000e2e00000,0x00000000f17c5840,0x00000000f8d80000)
  from space 19968K, 72% used [0x00000000fa900000,0x00000000fb70f358,0x00000000fbc80000)
  to   space 24064K, 0% used [0x00000000f8d80000,0x00000000f8d80000,0x00000000fa500000)
 ParOldGen       total 120832K, used 44419K [0x00000000a8a00000, 0x00000000b0000000, 0x00000000e2e00000)
  object space 120832K, 36% used [0x00000000a8a00000,0x00000000ab560c18,0x00000000b0000000)
 Metaspace       used 72512K, capacity 74092K, committed 74408K, reserved 1114112K
  class space    used 9017K, capacity 9305K, committed 9392K, reserved 1048576K
GC Heap History (10 events):
Event: 598.719 GC heap before
{Heap before GC invocations=20 (full 3):
 PSYoungGen      total 297984K, used 294465K [0x00000000e2e00000, 0x00000000f7700000, 0x0000000100000000)
  eden space 286720K, 100% used [0x00000000e2e00000,0x00000000f4600000,0x00000000f4600000)
  from space 11264K, 68% used [0x00000000f6c00000,0x00000000f73906e0,0x00000000f7700000)
  to   space 25088K, 0% used [0x00000000f4600000,0x00000000f4600000,0x00000000f5e80000)
 ParOldGen       total 120832K, used 42087K [0x00000000a8a00000, 0x00000000b0000000, 0x00000000e2e00000)
  object space 120832K, 34% used [0x00000000a8a00000,0x00000000ab319e60,0x00000000b0000000)
 Metaspace       used 69029K, capacity 70112K, committed 70184K, reserved 1110016K
  class space    used 8744K, capacity 8972K, committed 9008K, reserved 1048576K
Event: 598.803 GC heap after
Heap after GC invocations=20 (full 3):
 PSYoungGen      total 311808K, used 18037K [0x00000000e2e00000, 0x00000000fa000000, 0x0000000100000000)
  eden space 286720K, 0% used [0x00000000e2e00000,0x00000000e2e00000,0x00000000f4600000)
  from space 25088K, 71% used [0x00000000f4600000,0x00000000f579d788,0x00000000f5e80000)
  to   space 26624K, 0% used [0x00000000f8600000,0x00000000f8600000,0x00000000fa000000)
 ParOldGen       total 120832K, used 42103K [0x00000000a8a00000, 0x00000000b0000000, 0x00000000e2e00000)
  object space 120832K, 34% used [0x00000000a8a00000,0x00000000ab31de60,0x00000000b0000000)
 Metaspace       used 69029K, capacity 70112K, committed 70184K, reserved 1110016K
  class space    used 8744K, capacity 8972K, committed 9008K, reserved 1048576K
}
Event: 941.048 GC heap before
{Heap before GC invocations=21 (full 3):
 PSYoungGen      total 311808K, used 177479K [0x00000000e2e00000, 0x00000000fa000000, 0x0000000100000000)
  eden space 286720K, 55% used [0x00000000e2e00000,0x00000000ec9b4820,0x00000000f4600000)
  from space 25088K, 71% used [0x00000000f4600000,0x00000000f579d788,0x00000000f5e80000)
  to   space 26624K, 0% used [0x00000000f8600000,0x00000000f8600000,0x00000000fa000000)
 ParOldGen       total 120832K, used 42103K [0x00000000a8a00000, 0x00000000b0000000, 0x00000000e2e00000)
  object space 120832K, 34% used [0x00000000a8a00000,0x00000000ab31de60,0x00000000b0000000)
 Metaspace       used 69916K, capacity 71158K, committed 71336K, reserved 1112064K
  class space    used 8807K, capacity 9066K, committed 9136K, reserved 1048576K
Event: 941.151 GC heap after
Heap after GC invocations=21 (full 3):
 PSYoungGen      total 349184K, used 12156K [0x00000000e2e00000, 0x00000000f9d00000, 0x0000000100000000)
  eden space 325632K, 0% used [0x00000000e2e00000,0x00000000e2e00000,0x00000000f6c00000)
  from space 23552K, 51% used [0x00000000f8600000,0x00000000f91df078,0x00000000f9d00000)
  to   space 25088K, 0% used [0x00000000f6c00000,0x00000000f6c00000,0x00000000f8480000)
 ParOldGen       total 120832K, used 42111K [0x00000000a8a00000, 0x00000000b0000000, 0x00000000e2e00000)
  object space 120832K, 34% used [0x00000000a8a00000,0x00000000ab31fe60,0x00000000b0000000)
 Metaspace       used 69916K, capacity 71158K, committed 71336K, reserved 1112064K
  class space    used 8807K, capacity 9066K, committed 9136K, reserved 1048576K
}
Event: 941.151 GC heap before
{Heap before GC invocations=22 (full 4):
 PSYoungGen      total 349184K, used 12156K [0x00000000e2e00000, 0x00000000f9d00000, 0x0000000100000000)
  eden space 325632K, 0% used [0x00000000e2e00000,0x00000000e2e00000,0x00000000f6c00000)
  from space 23552K, 51% used [0x00000000f8600000,0x00000000f91df078,0x00000000f9d00000)
  to   space 25088K, 0% used [0x00000000f6c00000,0x00000000f6c00000,0x00000000f8480000)
 ParOldGen       total 120832K, used 42111K [0x00000000a8a00000, 0x00000000b0000000, 0x00000000e2e00000)
  object space 120832K, 34% used [0x00000000a8a00000,0x00000000ab31fe60,0x00000000b0000000)
 Metaspace       used 69916K, capacity 71158K, committed 71336K, reserved 1112064K
  class space    used 8807K, capacity 9066K, committed 9136K, reserved 1048576K
Event: 943.546 GC heap after
Heap after GC invocations=22 (full 4):
 PSYoungGen      total 349184K, used 0K [0x00000000e2e00000, 0x00000000f9d00000, 0x0000000100000000)
  eden space 325632K, 0% used [0x00000000e2e00000,0x00000000e2e00000,0x00000000f6c00000)
  from space 23552K, 0% used [0x00000000f8600000,0x00000000f8600000,0x00000000f9d00000)
  to   space 25088K, 0% used [0x00000000f6c00000,0x00000000f6c00000,0x00000000f8480000)
 ParOldGen       total 120832K, used 44403K [0x00000000a8a00000, 0x00000000b0000000, 0x00000000e2e00000)
  object space 120832K, 36% used [0x00000000a8a00000,0x00000000ab55cc18,0x00000000b0000000)
 Metaspace       used 69916K, capacity 71158K, committed 71336K, reserved 1112064K
  class space    used 8807K, capacity 9066K, committed 9136K, reserved 1048576K
}
Event: 970.657 GC heap before
{Heap before GC invocations=23 (full 4):
 PSYoungGen      total 349184K, used 325632K [0x00000000e2e00000, 0x00000000f9d00000, 0x0000000100000000)
  eden space 325632K, 100% used [0x00000000e2e00000,0x00000000f6c00000,0x00000000f6c00000)
  from space 23552K, 0% used [0x00000000f8600000,0x00000000f8600000,0x00000000f9d00000)
  to   space 25088K, 0% used [0x00000000f6c00000,0x00000000f6c00000,0x00000000f8480000)
 ParOldGen       total 120832K, used 44403K [0x00000000a8a00000, 0x00000000b0000000, 0x00000000e2e00000)
  object space 120832K, 36% used [0x00000000a8a00000,0x00000000ab55cc18,0x00000000b0000000)
 Metaspace       used 70348K, capacity 71690K, committed 71976K, reserved 1112064K
  class space    used 8857K, capacity 9148K, committed 9264K, reserved 1048576K
Event: 970.712 GC heap after
Heap after GC invocations=23 (full 4):
 PSYoungGen      total 350720K, used 13455K [0x00000000e2e00000, 0x00000000fc100000, 0x0000000100000000)
  eden space 325632K, 0% used [0x00000000e2e00000,0x00000000e2e00000,0x00000000f6c00000)
  from space 25088K, 53% used [0x00000000f6c00000,0x00000000f7923f18,0x00000000f8480000)
  to   space 24576K, 0% used [0x00000000fa900000,0x00000000fa900000,0x00000000fc100000)
 ParOldGen       total 120832K, used 44411K [0x00000000a8a00000, 0x00000000b0000000, 0x00000000e2e00000)
  object space 120832K, 36% used [0x00000000a8a00000,0x00000000ab55ec18,0x00000000b0000000)
 Metaspace       used 70348K, capacity 71690K, committed 71976K, reserved 1112064K
  class space    used 8857K, capacity 9148K, committed 9264K, reserved 1048576K
}
Event: 991.104 GC heap before
{Heap before GC invocations=24 (full 4):
 PSYoungGen      total 350720K, used 339087K [0x00000000e2e00000, 0x00000000fc100000, 0x0000000100000000)
  eden space 325632K, 100% used [0x00000000e2e00000,0x00000000f6c00000,0x00000000f6c00000)
  from space 25088K, 53% used [0x00000000f6c00000,0x00000000f7923f18,0x00000000f8480000)
  to   space 24576K, 0% used [0x00000000fa900000,0x00000000fa900000,0x00000000fc100000)
 ParOldGen       total 120832K, used 44411K [0x00000000a8a00000, 0x00000000b0000000, 0x00000000e2e00000)
  object space 120832K, 36% used [0x00000000a8a00000,0x00000000ab55ec18,0x00000000b0000000)
 Metaspace       used 72115K, capacity 73574K, committed 73896K, reserved 1114112K
  class space    used 8976K, capacity 9270K, committed 9392K, reserved 1048576K
Event: 991.173 GC heap after
Heap after GC invocations=24 (full 4):
 PSYoungGen      total 379904K, used 14396K [0x00000000e2e00000, 0x00000000fbc80000, 0x0000000100000000)
  eden space 359936K, 0% used [0x00000000e2e00000,0x00000000e2e00000,0x00000000f8d80000)
  from space 19968K, 72% used [0x00000000fa900000,0x00000000fb70f358,0x00000000fbc80000)
  to   space 24064K, 0% used [0x00000000f8d80000,0x00000000f8d80000,0x00000000fa500000)
 ParOldGen       total 120832K, used 44419K [0x00000000a8a00000, 0x00000000b0000000, 0x00000000e2e00000)
  object space 120832K, 36% used [0x00000000a8a00000,0x00000000ab560c18,0x00000000b0000000)
 Metaspace       used 72115K, capacity 73574K, committed 73896K, reserved 1114112K
  class space    used 8976K, capacity 9270K, committed 9392K, reserved 1048576K
}

